2025-05-01 11:36:15,837 [INFO] Activator:176 - 


2025-05-01 11:36:15,837 [INFO] Activator:177 - !SESSION log4j initialized
2025-05-01 11:36:24,232 [INFO] LogOutputStream:77 - [STDOUT_REDIRECT] 
2025-05-01 11:36:29,601 [INFO] ApplicationProperties:184 - Using Application install path: C:\ST\STM32CubeIDE_1.17.0\STM32CubeIDE\plugins\com.st.stm32cube.common.mx_6.13.0.202411220809
2025-05-01 11:36:29,649 [INFO] DbMcusXml:78 - Set database path to: C:\ST\STM32CubeIDE_1.17.0\STM32CubeIDE\plugins\com.st.stm32cube.common.mx_6.13.0.202411220809\\db\/mcu/
2025-05-01 11:36:29,650 [INFO] ApiDb:274 - Set plugin database path to: C:\ST\STM32CubeIDE_1.17.0\STM32CubeIDE\plugins\com.st.stm32cube.common.mx_6.13.0.202411220809\\db\/plugins/boardmanager/
2025-05-01 11:36:29,651 [WARN] ApiDb:259 - Overriding images path with different value:  => C:\ST\STM32CubeIDE_1.17.0\STM32CubeIDE\plugins\com.st.stm32cube.common.mx_6.13.0.202411220809\\db\/plugins/mcufinder/images/
2025-05-01 11:36:29,667 [INFO] ApiDb:250 - Set database path to: C:\Users\sande\.stmcufinder\plugins\mcufinder//mcu/
2025-05-01 11:36:29,670 [INFO] DbMcusAds:125 - Set database path to: C:\Users\sande\.stmcufinder\plugins\mcufinder//mcu/
2025-05-01 11:36:29,676 [INFO] CrossReferenceDbSqlite:203 - Set database path to: C:\Users\sande\.stmcufinder\plugins\mcufinder//mcu/cs/
2025-05-01 11:36:29,954 [INFO] RulesReader:64 - Compatibility file has been processed (297 Rules)
2025-05-01 11:36:30,169 [INFO] DbMcusXml:78 - Set database path to: C:\ST\STM32CubeIDE_1.17.0\STM32CubeIDE\plugins\com.st.stm32cube.common.mx_6.13.0.202411220809\\db\/mcu/
2025-05-01 11:36:30,170 [INFO] ApiDb:274 - Set plugin database path to: C:\ST\STM32CubeIDE_1.17.0\STM32CubeIDE\plugins\com.st.stm32cube.common.mx_6.13.0.202411220809\\db\/plugins/boardmanager/
2025-05-01 11:36:30,170 [INFO] ApiDb:261 - Set plugin images path to: C:\ST\STM32CubeIDE_1.17.0\STM32CubeIDE\plugins\com.st.stm32cube.common.mx_6.13.0.202411220809\\db\/plugins/mcufinder/images/
2025-05-01 11:36:30,171 [WARN] DbFile:41 - Overriding database path with different value: C:\Users\sande\.stmcufinder\plugins\mcufinder/ => C:\Users\sande\.stmcufinder\plugins\mcufinder
2025-05-01 11:36:30,172 [INFO] ApiDb:250 - Set database path to: C:\Users\sande\.stmcufinder\plugins\mcufinder//mcu/
2025-05-01 11:36:30,172 [WARN] DbFile:41 - Overriding database path with different value: C:\Users\sande\.stmcufinder\plugins\mcufinder/ => C:\Users\sande\.stmcufinder\plugins\mcufinder
2025-05-01 11:36:30,172 [INFO] DbMcusAds:125 - Set database path to: C:\Users\sande\.stmcufinder\plugins\mcufinder//mcu/
2025-05-01 11:36:30,173 [WARN] DbFile:41 - Overriding database path with different value: C:\Users\sande\.stmcufinder\plugins\mcufinder/ => C:\Users\sande\.stmcufinder\plugins\mcufinder
2025-05-01 11:36:30,173 [WARN] DbFile:41 - Overriding database path with different value: C:\Users\sande\.stmcufinder\plugins\mcufinder/ => C:\Users\sande\.stmcufinder\plugins\mcufinder
2025-05-01 11:36:30,173 [INFO] CrossReferenceDbSqlite:203 - Set database path to: C:\Users\sande\.stmcufinder\plugins\mcufinder//mcu/cs/
2025-05-01 11:36:30,387 [INFO] MainPanel:272 - HeapMemory: 268435456
2025-05-01 11:36:30,659 [INFO] DbMcusXml:78 - Set database path to: C:\ST\STM32CubeIDE_1.17.0\STM32CubeIDE\plugins\com.st.stm32cube.common.mx_6.13.0.202411220809\\db\/mcu/
2025-05-01 11:36:30,660 [INFO] ApiDb:274 - Set plugin database path to: C:\ST\STM32CubeIDE_1.17.0\STM32CubeIDE\plugins\com.st.stm32cube.common.mx_6.13.0.202411220809\\db\/plugins/boardmanager/
2025-05-01 11:36:30,660 [INFO] ApiDb:261 - Set plugin images path to: C:\ST\STM32CubeIDE_1.17.0\STM32CubeIDE\plugins\com.st.stm32cube.common.mx_6.13.0.202411220809\\db\/plugins/mcufinder/images/
2025-05-01 11:36:30,661 [WARN] DbFile:41 - Overriding database path with different value: C:\Users\sande\.stmcufinder\plugins\mcufinder/ => C:\Users\sande\.stmcufinder\plugins\mcufinder
2025-05-01 11:36:30,662 [INFO] ApiDb:250 - Set database path to: C:\Users\sande\.stmcufinder\plugins\mcufinder//mcu/
2025-05-01 11:36:30,662 [WARN] DbFile:41 - Overriding database path with different value: C:\Users\sande\.stmcufinder\plugins\mcufinder/ => C:\Users\sande\.stmcufinder\plugins\mcufinder
2025-05-01 11:36:30,662 [INFO] DbMcusAds:125 - Set database path to: C:\Users\sande\.stmcufinder\plugins\mcufinder//mcu/
2025-05-01 11:36:30,663 [WARN] DbFile:41 - Overriding database path with different value: C:\Users\sande\.stmcufinder\plugins\mcufinder/ => C:\Users\sande\.stmcufinder\plugins\mcufinder
2025-05-01 11:36:30,663 [WARN] DbFile:41 - Overriding database path with different value: C:\Users\sande\.stmcufinder\plugins\mcufinder/ => C:\Users\sande\.stmcufinder\plugins\mcufinder
2025-05-01 11:36:30,664 [INFO] CrossReferenceDbSqlite:203 - Set database path to: C:\Users\sande\.stmcufinder\plugins\mcufinder//mcu/cs/
2025-05-01 11:36:30,729 [INFO] ApplicationProperties:184 - Using Application install path: C:\ST\STM32CubeIDE_1.17.0\STM32CubeIDE\plugins\com.st.stm32cube.common.mx_6.13.0.202411220809
2025-05-01 11:36:30,733 [INFO] PluginManage:196 - Search for loadable plugins [exclusion list=, ]
2025-05-01 11:36:30,736 [INFO] PluginManage:310 - Check plugin analytics
2025-05-01 11:36:31,331 [INFO] AnalyticsPlugin:253 - Accepted Software Licenses: 
2025-05-01 11:36:31,331 [INFO] AnalyticsPlugin:255 - Accepted CMSIS Pack Licenses: 
2025-05-01 11:36:31,332 [INFO] AnalyticsPlugin:257 - Accepted Firmware Licenses: FW.H7.1.12.0,FW.F7.1.17.0
2025-05-01 11:36:31,345 [INFO] PluginManage:359 - Loaded plugin analytics (category:tool,tabindex:-1)
2025-05-01 11:36:31,346 [INFO] PluginManage:310 - Check plugin cadmodel
2025-05-01 11:36:31,408 [INFO] CADModel:105 - Init CAD model plugin
2025-05-01 11:36:31,408 [INFO] PluginManage:359 - Loaded plugin cadmodel (category:power,tabindex:5)
2025-05-01 11:36:31,409 [INFO] PluginManage:310 - Check plugin clock
2025-05-01 11:36:31,470 [INFO] PluginManage:359 - Loaded plugin clock (category:base,tabindex:2)
2025-05-01 11:36:31,472 [INFO] PluginManage:310 - Check plugin ddr
2025-05-01 11:36:31,481 [INFO] PluginManage:359 - Loaded plugin ddr (category:tool,tabindex:6)
2025-05-01 11:36:31,482 [INFO] PluginManage:310 - Check plugin filemanager
2025-05-01 11:36:31,990 [INFO] PluginManage:359 - Loaded plugin filemanager (category:base,tabindex:10)
2025-05-01 11:36:31,991 [INFO] PluginManage:310 - Check plugin ipmanager
2025-05-01 11:36:32,017 [INFO] PluginManage:359 - Loaded plugin ipmanager (category:base,tabindex:5)
2025-05-01 11:36:32,017 [INFO] PluginManage:310 - Check plugin lpbam
2025-05-01 11:36:32,075 [INFO] PluginManage:359 - Loaded plugin lpbam (category:base,tabindex:0)
2025-05-01 11:36:32,075 [INFO] PluginManage:310 - Check plugin memorymap
2025-05-01 11:36:32,137 [INFO] PluginManage:359 - Loaded plugin memorymap (category:base,tabindex:4)
2025-05-01 11:36:32,138 [INFO] PluginManage:310 - Check plugin pinoutandconfiguration
2025-05-01 11:36:32,187 [INFO] PluginManage:359 - Loaded plugin pinoutandconfiguration (category:base,tabindex:1)
2025-05-01 11:36:32,187 [INFO] PluginManage:310 - Check plugin pinoutconfig
2025-05-01 11:36:32,452 [WARN] SupportedApi:132 - Cannot load RTOS API schema: s4s-elt-must-match.1: The content of 'definitions' must match (annotation?, (simpleType | complexType)?, (unique | key | keyref)*)). A problem was found starting at: attribute.
2025-05-01 11:36:32,783 [INFO] PluginManage:359 - Loaded plugin pinoutconfig (category:base,tabindex:0)
2025-05-01 11:36:32,784 [INFO] PluginManage:310 - Check plugin power
2025-05-01 11:36:32,840 [INFO] PluginManage:359 - Loaded plugin power (category:power,tabindex:4)
2025-05-01 11:36:32,840 [INFO] PluginManage:310 - Check plugin projectmanager
2025-05-01 11:36:32,881 [INFO] PluginManage:359 - Loaded plugin projectmanager (category:projectmanager,tabindex:4)
2025-05-01 11:36:32,881 [INFO] PluginManage:310 - Check plugin rif
2025-05-01 11:36:32,928 [INFO] PluginManage:359 - Loaded plugin rif (category:base,tabindex:3)
2025-05-01 11:36:32,929 [INFO] PluginManage:310 - Check plugin thirdparty
2025-05-01 11:36:33,767 [INFO] PluginManage:359 - Loaded plugin thirdparty (category:base,tabindex:-1)
2025-05-01 11:36:33,767 [WARN] IntegrityCheckThread:84 - waiting for thirdparty lock release [integrity check]
2025-05-01 11:36:33,767 [INFO] PluginManage:310 - Check plugin tools
2025-05-01 11:36:33,768 [INFO] IntegrityCheckThread:86 - entering critical section [integrity check]
2025-05-01 11:36:33,769 [INFO] ThirdPartyUpdaterWithRetryManager:70 - Updater plugin not ready yet. [1/15]
2025-05-01 11:36:33,954 [INFO] PluginManage:359 - Loaded plugin tools (category:base,tabindex:7)
2025-05-01 11:36:33,955 [INFO] PluginManage:310 - Check plugin tutovideos
2025-05-01 11:36:34,653 [INFO] PluginManage:359 - Loaded plugin tutovideos (category:base,tabindex:-1)
2025-05-01 11:36:34,654 [INFO] PluginManage:310 - Check plugin updater
2025-05-01 11:36:34,707 [INFO] PluginManage:359 - Loaded plugin updater (category:base,tabindex:12)
2025-05-01 11:36:34,707 [INFO] PluginManage:310 - Check plugin userauth
2025-05-01 11:36:34,715 [INFO] UserAuth:118 - Init User Auth plugin
2025-05-01 11:36:34,717 [INFO] PluginManage:359 - Loaded plugin userauth (category:base,tabindex:14)
2025-05-01 11:36:34,718 [INFO] PluginManage:283 - PluginManage : Loaded plugins [18]
2025-05-01 11:36:35,303 [INFO] PinOutPanel:1589 - setPackage(No Configuration,No Configuration)
2025-05-01 11:36:35,589 [INFO] CADModel:165 - CPN selected for project level
2025-05-01 11:36:35,589 [INFO] CADModel:114 - Register for checkConnection events
2025-05-01 11:36:35,681 [INFO] IPUIPlugin:80 - create IPUIPlugin
2025-05-01 11:36:35,682 [INFO] PluginManager:220 - loadIPPluginJar : add adc
2025-05-01 11:36:35,864 [INFO] IPUIPlugin:80 - create IPUIPlugin
2025-05-01 11:36:35,864 [INFO] PluginManager:220 - loadIPPluginJar : add aes
2025-05-01 11:36:36,064 [INFO] IPUIPlugin:80 - create IPUIPlugin
2025-05-01 11:36:36,064 [INFO] PluginManager:220 - loadIPPluginJar : add can
2025-05-01 11:36:36,186 [INFO] IPUIPlugin:80 - create IPUIPlugin
2025-05-01 11:36:36,187 [INFO] PluginManager:220 - loadIPPluginJar : add comp
2025-05-01 11:36:36,342 [INFO] IPUIPlugin:80 - create IPUIPlugin
2025-05-01 11:36:36,342 [INFO] PluginManager:220 - loadIPPluginJar : add cryp
2025-05-01 11:36:36,384 [INFO] IPUIPlugin:80 - create IPUIPlugin
2025-05-01 11:36:36,384 [INFO] PluginManager:220 - loadIPPluginJar : add ddr_ctrl_phy
2025-05-01 11:36:36,511 [INFO] IPUIPlugin:80 - create IPUIPlugin
2025-05-01 11:36:36,511 [INFO] PluginManager:220 - loadIPPluginJar : add dfsdm
2025-05-01 11:36:36,580 [INFO] IPUIPlugin:80 - create IPUIPlugin
2025-05-01 11:36:36,581 [INFO] PluginManager:220 - loadIPPluginJar : add dma
2025-05-01 11:36:36,768 [INFO] IPUIPlugin:80 - create IPUIPlugin
2025-05-01 11:36:36,769 [INFO] PluginManager:220 - loadIPPluginJar : add dma3
2025-05-01 11:36:36,771 [INFO] ThirdPartyUpdaterWithRetryManager:70 - Updater plugin not ready yet. [2/15]
2025-05-01 11:36:36,917 [INFO] IPUIPlugin:80 - create IPUIPlugin
2025-05-01 11:36:36,917 [INFO] PluginManager:220 - loadIPPluginJar : add extmemmanager
2025-05-01 11:36:36,983 [INFO] IPUIPlugin:80 - create IPUIPlugin
2025-05-01 11:36:36,984 [INFO] PluginManager:220 - loadIPPluginJar : add fatfs
2025-05-01 11:36:37,137 [INFO] IPUIPlugin:80 - create IPUIPlugin
2025-05-01 11:36:37,138 [INFO] PluginManager:220 - loadIPPluginJar : add fmc
2025-05-01 11:36:37,180 [INFO] IPUIPlugin:80 - create IPUIPlugin
2025-05-01 11:36:37,181 [INFO] PluginManager:220 - loadIPPluginJar : add freertos
2025-05-01 11:36:37,282 [INFO] IPUIPlugin:80 - create IPUIPlugin
2025-05-01 11:36:37,283 [INFO] PluginManager:220 - loadIPPluginJar : add genericplugin
2025-05-01 11:36:37,599 [INFO] IPUIPlugin:80 - create IPUIPlugin
2025-05-01 11:36:37,600 [INFO] PluginManager:220 - loadIPPluginJar : add gfxmmu
2025-05-01 11:36:38,060 [INFO] IPUIPlugin:80 - create IPUIPlugin
2025-05-01 11:36:38,061 [INFO] PluginManager:220 - loadIPPluginJar : add gic
2025-05-01 11:36:38,096 [INFO] IPUIPlugin:80 - create IPUIPlugin
2025-05-01 11:36:38,096 [INFO] PluginManager:220 - loadIPPluginJar : add gpio
2025-05-01 11:36:38,387 [INFO] IPUIPlugin:80 - create IPUIPlugin
2025-05-01 11:36:38,388 [INFO] PluginManager:220 - loadIPPluginJar : add gtzc
2025-05-01 11:36:38,490 [INFO] IPUIPlugin:80 - create IPUIPlugin
2025-05-01 11:36:38,490 [INFO] PluginManager:220 - loadIPPluginJar : add hash
2025-05-01 11:36:38,661 [INFO] IPUIPlugin:80 - create IPUIPlugin
2025-05-01 11:36:38,661 [INFO] PluginManager:220 - loadIPPluginJar : add i2c
2025-05-01 11:36:38,787 [INFO] IPUIPlugin:80 - create IPUIPlugin
2025-05-01 11:36:38,787 [INFO] PluginManager:220 - loadIPPluginJar : add i2s
2025-05-01 11:36:38,920 [INFO] IPUIPlugin:80 - create IPUIPlugin
2025-05-01 11:36:38,920 [INFO] PluginManager:220 - loadIPPluginJar : add i3c
2025-05-01 11:36:39,248 [INFO] IPUIPlugin:80 - create IPUIPlugin
2025-05-01 11:36:39,248 [INFO] PluginManager:220 - loadIPPluginJar : add ipddr
2025-05-01 11:36:39,561 [INFO] IPUIPlugin:80 - create IPUIPlugin
2025-05-01 11:36:39,562 [INFO] PluginManager:220 - loadIPPluginJar : add linkedlist
2025-05-01 11:36:39,677 [INFO] IPUIPlugin:80 - create IPUIPlugin
2025-05-01 11:36:39,678 [INFO] PluginManager:220 - loadIPPluginJar : add lorawan
2025-05-01 11:36:39,772 [INFO] ThirdPartyUpdaterWithRetryManager:70 - Updater plugin not ready yet. [3/15]
2025-05-01 11:36:39,815 [INFO] IPUIPlugin:80 - create IPUIPlugin
2025-05-01 11:36:39,815 [INFO] PluginManager:220 - loadIPPluginJar : add ltdc
2025-05-01 11:36:39,863 [INFO] IPUIPlugin:80 - create IPUIPlugin
2025-05-01 11:36:39,864 [INFO] PluginManager:220 - loadIPPluginJar : add mdma
2025-05-01 11:36:39,904 [INFO] IPUIPlugin:80 - create IPUIPlugin
2025-05-01 11:36:39,905 [INFO] PluginManager:220 - loadIPPluginJar : add nvic
2025-05-01 11:36:40,023 [INFO] IPUIPlugin:80 - create IPUIPlugin
2025-05-01 11:36:40,024 [INFO] PluginManager:220 - loadIPPluginJar : add opamp
2025-05-01 11:36:40,231 [INFO] IPUIPlugin:80 - create IPUIPlugin
2025-05-01 11:36:40,232 [INFO] PluginManager:220 - loadIPPluginJar : add openamp
2025-05-01 11:36:40,395 [INFO] IPUIPlugin:80 - create IPUIPlugin
2025-05-01 11:36:40,396 [INFO] PluginManager:220 - loadIPPluginJar : add pdm2pcm
2025-05-01 11:36:40,444 [INFO] IPUIPlugin:80 - create IPUIPlugin
2025-05-01 11:36:40,450 [INFO] PluginManager:220 - loadIPPluginJar : add plateformsettings
2025-05-01 11:36:40,537 [INFO] IPUIPlugin:80 - create IPUIPlugin
2025-05-01 11:36:40,538 [INFO] PluginManager:220 - loadIPPluginJar : add quadspi
2025-05-01 11:36:40,627 [INFO] IPUIPlugin:80 - create IPUIPlugin
2025-05-01 11:36:40,629 [INFO] PluginManager:220 - loadIPPluginJar : add radio
2025-05-01 11:36:40,673 [INFO] IPUIPlugin:80 - create IPUIPlugin
2025-05-01 11:36:40,673 [INFO] PluginManager:220 - loadIPPluginJar : add resmgrutility
2025-05-01 11:36:40,845 [INFO] IPUIPlugin:80 - create IPUIPlugin
2025-05-01 11:36:40,845 [INFO] PluginManager:220 - loadIPPluginJar : add sai
2025-05-01 11:36:40,966 [INFO] IPUIPlugin:80 - create IPUIPlugin
2025-05-01 11:36:40,967 [INFO] PluginManager:220 - loadIPPluginJar : add spi
2025-05-01 11:36:41,204 [INFO] IPUIPlugin:80 - create IPUIPlugin
2025-05-01 11:36:41,205 [INFO] PluginManager:220 - loadIPPluginJar : add stm32_wpan
2025-05-01 11:36:41,290 [INFO] IPUIPlugin:80 - create IPUIPlugin
2025-05-01 11:36:41,290 [INFO] PluginManager:220 - loadIPPluginJar : add tim
2025-05-01 11:36:41,531 [INFO] IPUIPlugin:80 - create IPUIPlugin
2025-05-01 11:36:41,531 [INFO] PluginManager:220 - loadIPPluginJar : add touchsensing
2025-05-01 11:36:41,611 [INFO] IPUIPlugin:80 - create IPUIPlugin
2025-05-01 11:36:41,612 [INFO] PluginManager:220 - loadIPPluginJar : add tracer_emb
2025-05-01 11:36:41,694 [INFO] IPUIPlugin:80 - create IPUIPlugin
2025-05-01 11:36:41,694 [INFO] PluginManager:220 - loadIPPluginJar : add ts
2025-05-01 11:36:41,773 [INFO] IPUIPlugin:80 - create IPUIPlugin
2025-05-01 11:36:41,774 [INFO] PluginManager:220 - loadIPPluginJar : add tsc
2025-05-01 11:36:41,851 [INFO] IPUIPlugin:80 - create IPUIPlugin
2025-05-01 11:36:41,851 [INFO] PluginManager:220 - loadIPPluginJar : add ucpd
2025-05-01 11:36:42,000 [INFO] IPUIPlugin:80 - create IPUIPlugin
2025-05-01 11:36:42,000 [INFO] PluginManager:220 - loadIPPluginJar : add usart
2025-05-01 11:36:42,138 [INFO] IPUIPlugin:80 - create IPUIPlugin
2025-05-01 11:36:42,138 [INFO] PluginManager:220 - loadIPPluginJar : add usbx
2025-05-01 11:36:42,360 [FATAL] Updater:351 - Updater called before beeing initialized
2025-05-01 11:36:42,491 [INFO] RulesReader:64 - Compatibility file has been processed (297 Rules)
2025-05-01 11:36:42,563 [INFO] RulesReader:64 - Compatibility file has been processed (297 Rules)
2025-05-01 11:36:42,601 [INFO] CADModel:165 - CPN selected for project level
2025-05-01 11:36:42,602 [INFO] CADModel:114 - Register for checkConnection events
2025-05-01 11:36:42,603 [FATAL] Updater:351 - Updater called before beeing initialized
2025-05-01 11:36:42,603 [ERROR] CADModel:125 - Updater not yet initialized, retry later 
2025-05-01 11:36:42,773 [INFO] ThirdPartyUpdaterWithRetryManager:70 - Updater plugin not ready yet. [4/15]
2025-05-01 11:36:43,290 [FATAL] Updater:351 - Updater called before beeing initialized
2025-05-01 11:36:43,296 [INFO] CADModel:165 - CPN selected for project level
2025-05-01 11:36:43,296 [INFO] CADModel:114 - Register for checkConnection events
2025-05-01 11:36:43,297 [FATAL] Updater:351 - Updater called before beeing initialized
2025-05-01 11:36:43,297 [ERROR] CADModel:125 - Updater not yet initialized, retry later 
2025-05-01 11:36:43,304 [FATAL] Updater:351 - Updater called before beeing initialized
2025-05-01 11:36:43,619 [FATAL] Updater:351 - Updater called before beeing initialized
2025-05-01 11:36:43,647 [INFO] DbMcusAds:53 - JSON generation date=Thu Mar 06 20:24:22 IST 2025 (1741272862204)
2025-05-01 11:36:43,647 [FATAL] Updater:351 - Updater called before beeing initialized
2025-05-01 11:36:43,783 [WARN] DetailPanel:346 - Failed to get advertising image, set to default
2025-05-01 11:36:44,494 [FATAL] Updater:351 - Updater called before beeing initialized
2025-05-01 11:36:44,497 [FATAL] Updater:351 - Updater called before beeing initialized
2025-05-01 11:36:44,497 [FATAL] Updater:351 - Updater called before beeing initialized
2025-05-01 11:36:44,498 [WARN] DetailPanel:346 - Failed to get advertising image, set to default
2025-05-01 11:36:44,499 [FATAL] Updater:351 - Updater called before beeing initialized
2025-05-01 11:36:44,668 [ERROR] Updater:1198 - MainUpdater not yet initialized. External WinMGr cannot be set.
2025-05-01 11:36:44,698 [INFO] Updater:1134 - Updater Version found : 6.13.0
2025-05-01 11:36:44,731 [INFO] ApplicationProperties:184 - Using Application install path: C:\ST\STM32CubeIDE_1.17.0\STM32CubeIDE\plugins\com.st.stm32cube.common.mx_6.13.0.202411220809
2025-05-01 11:36:45,775 [FATAL] Updater:351 - Updater called before beeing initialized
2025-05-01 11:36:45,777 [ERROR] IntegrityCheckThread:130 - Cannot retrieve database content from updater: error 21
2025-05-01 11:36:45,779 [INFO] ThirdParty:978 - Integrity check success = false
2025-05-01 11:36:45,779 [INFO] IntegrityCheckThread:100 - exiting critical section [integrity check]
2025-05-01 11:36:45,780 [INFO] IntegrityCheckThread:103 - End integrity checks thread
2025-05-01 11:36:46,368 [ERROR] LogOutputStream:75 - [STDERR_REDIRECT] May 01, 2025 11:36:46 AM java.util.prefs.WindowsPreferences <init>
2025-05-01 11:36:46,377 [ERROR] LogOutputStream:75 - [STDERR_REDIRECT] WARNING: Could not open/create prefs root node Software\JavaSoft\Prefs at root 0xffffffff80000002. Windows RegCreateKeyEx(...) returned error code 5.
2025-05-01 11:36:46,379 [ERROR] LogOutputStream:75 - [STDERR_REDIRECT] 
2025-05-01 11:36:47,584 [INFO] MainUpdater:2872 - connection check result : 10
2025-05-01 11:36:47,588 [INFO] MainUpdater:289 - Updater Check For Update Now.
2025-05-01 11:36:47,589 [INFO] MicroXplorer:498 - Change Database Version : DB.6.0.130
2025-05-01 11:36:47,674 [INFO] McuFinderGlobals:63 - Set McuFinder mode to 2 (CubeIDE integrated)
2025-05-01 11:36:47,718 [INFO] UserAuth:486 - Internet connection configuration mode: 1
2025-05-01 11:36:47,803 [INFO] JxBrowserEngine:152 - Initiate JxBrowser Engine with user profile folder
2025-05-01 11:36:48,093 [INFO] CheckServerUpdateThread:120 - End of CheckServer Thread
2025-05-01 11:36:49,715 [INFO] WebApp:168 - Instantiating new browser for Auth
2025-05-01 11:36:51,811 [INFO] WebApp:449 - Apply proxy settings
2025-05-01 11:36:51,811 [INFO] WebApp:534 - Chromium requires no authentication
2025-05-01 11:36:51,836 [INFO] WebApp:477 - Direct internet connection detected
2025-05-01 11:36:51,888 [INFO] WebApp:880 - Register for checkConnection events
2025-05-01 11:36:51,889 [INFO] WebApp:449 - Apply proxy settings
2025-05-01 11:36:51,889 [INFO] WebApp:534 - Chromium requires no authentication
2025-05-01 11:36:51,891 [INFO] WebApp:477 - Direct internet connection detected
2025-05-01 11:36:52,245 [INFO] WebApp:187 - Connection restablished
2025-05-01 11:36:52,445 [INFO] WebApp:221 - Starting web application
2025-05-01 11:36:52,446 [INFO] WebApp:579 - Web application path used C:\ST\STM32CubeIDE_1.17.0\STM32CubeIDE\plugins\com.st.stm32cube.common.mx_6.13.0.202411220809\db\plugins\mcufinder\reactClient1\index.html
2025-05-01 11:36:52,933 [INFO] UserAuth:486 - Internet connection configuration mode: 1
2025-05-01 13:16:27,208 [INFO] WebApp:190 - Connection lost
2025-05-01 13:16:27,623 [INFO] WebApp:187 - Connection restablished
2025-05-01 21:17:24,530 [INFO] WebApp:190 - Connection lost
2025-05-01 21:17:27,069 [INFO] WebApp:187 - Connection restablished
2025-05-01 21:17:30,136 [INFO] WebApp:190 - Connection lost
2025-05-01 21:17:30,356 [INFO] WebApp:187 - Connection restablished
2025-05-01 21:17:32,133 [INFO] WebApp:190 - Connection lost
2025-05-01 21:17:32,358 [INFO] WebApp:187 - Connection restablished
2025-05-01 21:19:18,685 [INFO] WebApp:190 - Connection lost
2025-05-01 21:19:19,071 [INFO] WebApp:187 - Connection restablished
2025-05-01 22:15:23,131 [ERROR] LogOutputStream:75 - [STDERR_REDIRECT] 
